# JRE version: Java(TM) SE Runtime Environment (8.0_201-b09) (build 1.8.0_201-b09)
# Java VM: Java HotSpot(TM) 64-Bit Server VM (25.201-b09 mixed mode windows-amd64 compressed oops)
Heap:
 PSYoungGen      total 28160K, used 4925K [0x0000000780d80000, 0x0000000782a00000, 0x00000007c0000000)
  eden space 27648K, 16% used [0x0000000780d80000,0x0000000781207658,0x0000000782880000)
  from space 512K, 56% used [0x0000000782900000,0x0000000782948000,0x0000000782980000)
  to   space 512K, 0% used [0x0000000782980000,0x0000000782980000,0x0000000782a00000)
 ParOldGen       total 130048K, used 37713K [0x0000000702800000, 0x000000070a700000, 0x0000000780d80000)
  object space 130048K, 28% used [0x0000000702800000,0x0000000704cd4568,0x000000070a700000)
 Metaspace       used 17332K, capacity 17560K, committed 17920K, reserved 1064960K
  class space    used 1661K, capacity 1734K, committed 1792K, reserved 1048576K
GC Heap History (10 events):
Event: 2318.139 GC heap before
{Heap before GC invocations=549 (full 0):
 PSYoungGen      total 28160K, used 27936K [0x0000000780d80000, 0x0000000782a00000, 0x00000007c0000000)
  eden space 27648K, 100% used [0x0000000780d80000,0x0000000782880000,0x0000000782880000)
  from space 512K, 56% used [0x0000000782980000,0x00000007829c8000,0x0000000782a00000)
  to   space 512K, 0% used [0x0000000782900000,0x0000000782900000,0x0000000782980000)
 ParOldGen       total 130048K, used 37465K [0x0000000702800000, 0x000000070a700000, 0x0000000780d80000)
  object space 130048K, 28% used [0x0000000702800000,0x0000000704c96568,0x000000070a700000)
 Metaspace       used 17332K, capacity 17560K, committed 17920K, reserved 1064960K
  class space    used 1661K, capacity 1734K, committed 1792K, reserved 1048576K
Event: 2318.141 GC heap after
Heap after GC invocations=549 (full 0):
 PSYoungGen      total 28160K, used 256K [0x0000000780d80000, 0x0000000782a00000, 0x00000007c0000000)
  eden space 27648K, 0% used [0x0000000780d80000,0x0000000780d80000,0x0000000782880000)
  from space 512K, 50% used [0x0000000782900000,0x0000000782940000,0x0000000782980000)
  to   space 512K, 0% used [0x0000000782980000,0x0000000782980000,0x0000000782a00000)
 ParOldGen       total 130048K, used 37529K [0x0000000702800000, 0x000000070a700000, 0x0000000780d80000)
  object space 130048K, 28% used [0x0000000702800000,0x0000000704ca6568,0x000000070a700000)
 Metaspace       used 17332K, capacity 17560K, committed 17920K, reserved 1064960K
  class space    used 1661K, capacity 1734K, committed 1792K, reserved 1048576K
}
Event: 2322.707 GC heap before
{Heap before GC invocations=550 (full 0):
 PSYoungGen      total 28160K, used 27904K [0x0000000780d80000, 0x0000000782a00000, 0x00000007c0000000)
  eden space 27648K, 100% used [0x0000000780d80000,0x0000000782880000,0x0000000782880000)
  from space 512K, 50% used [0x0000000782900000,0x0000000782940000,0x0000000782980000)
  to   space 512K, 0% used [0x0000000782980000,0x0000000782980000,0x0000000782a00000)
 ParOldGen       total 130048K, used 37529K [0x0000000702800000, 0x000000070a700000, 0x0000000780d80000)
  object space 130048K, 28% used [0x0000000702800000,0x0000000704ca6568,0x000000070a700000)
 Metaspace       used 17332K, capacity 17560K, committed 17920K, reserved 1064960K
  class space    used 1661K, capacity 1734K, committed 1792K, reserved 1048576K
Event: 2322.710 GC heap after
Heap after GC invocations=550 (full 0):
 PSYoungGen      total 28160K, used 320K [0x0000000780d80000, 0x0000000782a00000, 0x00000007c0000000)
  eden space 27648K, 0% used [0x0000000780d80000,0x0000000780d80000,0x0000000782880000)
  from space 512K, 62% used [0x0000000782980000,0x00000007829d0000,0x0000000782a00000)
  to   space 512K, 0% used [0x0000000782900000,0x0000000782900000,0x0000000782980000)
 ParOldGen       total 130048K, used 37577K [0x0000000702800000, 0x000000070a700000, 0x0000000780d80000)
  object space 130048K, 28% used [0x0000000702800000,0x0000000704cb2568,0x000000070a700000)
 Metaspace       used 17332K, capacity 17560K, committed 17920K, reserved 1064960K
  class space    used 1661K, capacity 1734K, committed 1792K, reserved 1048576K
}
Event: 2327.275 GC heap before
{Heap before GC invocations=551 (full 0):
 PSYoungGen      total 28160K, used 27953K [0x0000000780d80000, 0x0000000782a00000, 0x00000007c0000000)
  eden space 27648K, 99% used [0x0000000780d80000,0x000000078287c7c0,0x0000000782880000)
  from space 512K, 62% used [0x0000000782980000,0x00000007829d0000,0x0000000782a00000)
  to   space 512K, 0% used [0x0000000782900000,0x0000000782900000,0x0000000782980000)
 ParOldGen       total 130048K, used 37577K [0x0000000702800000, 0x000000070a700000, 0x0000000780d80000)
  object space 130048K, 28% used [0x0000000702800000,0x0000000704cb2568,0x000000070a700000)
 Metaspace       used 17332K, capacity 17560K, committed 17920K, reserved 1064960K
  class space    used 1661K, capacity 1734K, committed 1792K, reserved 1048576K
Event: 2327.279 GC heap after
Heap after GC invocations=551 (full 0):
 PSYoungGen      total 28160K, used 209K [0x0000000780d80000, 0x0000000782a00000, 0x00000007c0000000)
  eden space 27648K, 0% used [0x0000000780d80000,0x0000000780d80000,0x0000000782880000)
  from space 512K, 40% used [0x0000000782900000,0x0000000782934670,0x0000000782980000)
  to   space 512K, 0% used [0x0000000782980000,0x0000000782980000,0x0000000782a00000)
 ParOldGen       total 130048K, used 37617K [0x0000000702800000, 0x000000070a700000, 0x0000000780d80000)
  object space 130048K, 28% used [0x0000000702800000,0x0000000704cbc568,0x000000070a700000)
 Metaspace       used 17332K, capacity 17560K, committed 17920K, reserved 1064960K
  class space    used 1661K, capacity 1734K, committed 1792K, reserved 1048576K
}
Event: 2331.790 GC heap before
{Heap before GC invocations=552 (full 0):
 PSYoungGen      total 28160K, used 27857K [0x0000000780d80000, 0x0000000782a00000, 0x00000007c0000000)
  eden space 27648K, 100% used [0x0000000780d80000,0x0000000782880000,0x0000000782880000)
  from space 512K, 40% used [0x0000000782900000,0x0000000782934670,0x0000000782980000)
  to   space 512K, 0% used [0x0000000782980000,0x0000000782980000,0x0000000782a00000)
 ParOldGen       total 130048K, used 37617K [0x0000000702800000, 0x000000070a700000, 0x0000000780d80000)
  object space 130048K, 28% used [0x0000000702800000,0x0000000704cbc568,0x000000070a700000)
 Metaspace       used 17332K, capacity 17560K, committed 17920K, reserved 1064960K
  class space    used 1661K, capacity 1734K, committed 1792K, reserved 1048576K
Event: 2331.792 GC heap after
Heap after GC invocations=552 (full 0):
 PSYoungGen      total 28160K, used 288K [0x0000000780d80000, 0x0000000782a00000, 0x00000007c0000000)
  eden space 27648K, 0% used [0x0000000780d80000,0x0000000780d80000,0x0000000782880000)
  from space 512K, 56% used [0x0000000782980000,0x00000007829c8000,0x0000000782a00000)
  to   space 512K, 0% used [0x0000000782900000,0x0000000782900000,0x0000000782980000)
 ParOldGen       total 130048K, used 37665K [0x0000000702800000, 0x000000070a700000, 0x0000000780d80000)
  object space 130048K, 28% used [0x0000000702800000,0x0000000704cc8568,0x000000070a700000)
 Metaspace       used 17332K, capacity 17560K, committed 17920K, reserved 1064960K
  class space    used 1661K, capacity 1734K, committed 1792K, reserved 1048576K
}
Event: 2335.940 GC heap before
{Heap before GC invocations=553 (full 0):
 PSYoungGen      total 28160K, used 27914K [0x0000000780d80000, 0x0000000782a00000, 0x00000007c0000000)
  eden space 27648K, 99% used [0x0000000780d80000,0x000000078287ab88,0x0000000782880000)
  from space 512K, 56% used [0x0000000782980000,0x00000007829c8000,0x0000000782a00000)
  to   space 512K, 0% used [0x0000000782900000,0x0000000782900000,0x0000000782980000)
 ParOldGen       total 130048K, used 37665K [0x0000000702800000, 0x000000070a700000, 0x0000000780d80000)
  object space 130048K, 28% used [0x0000000702800000,0x0000000704cc8568,0x000000070a700000)
 Metaspace       used 17332K, capacity 17560K, committed 17920K, reserved 1064960K
  class space    used 1661K, capacity 1734K, committed 1792K, reserved 1048576K
Event: 2335.942 GC heap after
Heap after GC invocations=553 (full 0):
 PSYoungGen      total 28160K, used 288K [0x0000000780d80000, 0x0000000782a00000, 0x00000007c0000000)
  eden space 27648K, 0% used [0x0000000780d80000,0x0000000780d80000,0x0000000782880000)
  from space 512K, 56% used [0x0000000782900000,0x0000000782948000,0x0000000782980000)
  to   space 512K, 0% used [0x0000000782980000,0x0000000782980000,0x0000000782a00000)
 ParOldGen       total 130048K, used 37713K [0x0000000702800000, 0x000000070a700000, 0x0000000780d80000)
  object space 130048K, 28% used [0x0000000702800000,0x0000000704cd4568,0x000000070a700000)
 Metaspace       used 17332K, capacity 17560K, committed 17920K, reserved 1064960K
  class space    used 1661K, capacity 1734K, committed 1792K, reserved 1048576K
}

