# JRE version: Java(TM) SE Runtime Environment (8.0_201-b09) (build 1.8.0_201-b09)
# Java VM: Java HotSpot(TM) 64-Bit Server VM (25.201-b09 mixed mode windows-amd64 compressed oops)
Heap:
 PSYoungGen      total 28160K, used 14400K [0x0000000780d80000, 0x0000000782a00000, 0x00000007c0000000)
  eden space 27648K, 51% used [0x0000000780d80000,0x0000000781b50248,0x0000000782880000)
  from space 512K, 50% used [0x0000000782900000,0x0000000782940000,0x0000000782980000)
  to   space 512K, 0% used [0x0000000782980000,0x0000000782980000,0x0000000782a00000)
 ParOldGen       total 130048K, used 38975K [0x0000000702800000, 0x000000070a700000, 0x0000000780d80000)
  object space 130048K, 29% used [0x0000000702800000,0x0000000704e0fd48,0x000000070a700000)
 Metaspace       used 17331K, capacity 17582K, committed 17920K, reserved 1064960K
  class space    used 1662K, capacity 1735K, committed 1792K, reserved 1048576K
GC Heap History (10 events):
Event: 7216.729 GC heap before
{Heap before GC invocations=577 (full 0):
 PSYoungGen      total 28160K, used 27904K [0x0000000780d80000, 0x0000000782a00000, 0x00000007c0000000)
  eden space 27648K, 100% used [0x0000000780d80000,0x0000000782880000,0x0000000782880000)
  from space 512K, 50% used [0x0000000782980000,0x00000007829c0000,0x0000000782a00000)
  to   space 512K, 0% used [0x0000000782900000,0x0000000782900000,0x0000000782980000)
 ParOldGen       total 130048K, used 38703K [0x0000000702800000, 0x000000070a700000, 0x0000000780d80000)
  object space 130048K, 29% used [0x0000000702800000,0x0000000704dcbd48,0x000000070a700000)
 Metaspace       used 17331K, capacity 17582K, committed 17920K, reserved 1064960K
  class space    used 1662K, capacity 1735K, committed 1792K, reserved 1048576K
Event: 7216.732 GC heap after
Heap after GC invocations=577 (full 0):
 PSYoungGen      total 28160K, used 288K [0x0000000780d80000, 0x0000000782a00000, 0x00000007c0000000)
  eden space 27648K, 0% used [0x0000000780d80000,0x0000000780d80000,0x0000000782880000)
  from space 512K, 56% used [0x0000000782900000,0x0000000782948000,0x0000000782980000)
  to   space 512K, 0% used [0x0000000782980000,0x0000000782980000,0x0000000782a00000)
 ParOldGen       total 130048K, used 38759K [0x0000000702800000, 0x000000070a700000, 0x0000000780d80000)
  object space 130048K, 29% used [0x0000000702800000,0x0000000704dd9d48,0x000000070a700000)
 Metaspace       used 17331K, capacity 17582K, committed 17920K, reserved 1064960K
  class space    used 1662K, capacity 1735K, committed 1792K, reserved 1048576K
}
Event: 7220.916 GC heap before
{Heap before GC invocations=578 (full 0):
 PSYoungGen      total 28160K, used 27936K [0x0000000780d80000, 0x0000000782a00000, 0x00000007c0000000)
  eden space 27648K, 100% used [0x0000000780d80000,0x0000000782880000,0x0000000782880000)
  from space 512K, 56% used [0x0000000782900000,0x0000000782948000,0x0000000782980000)
  to   space 512K, 0% used [0x0000000782980000,0x0000000782980000,0x0000000782a00000)
 ParOldGen       total 130048K, used 38759K [0x0000000702800000, 0x000000070a700000, 0x0000000780d80000)
  object space 130048K, 29% used [0x0000000702800000,0x0000000704dd9d48,0x000000070a700000)
 Metaspace       used 17331K, capacity 17582K, committed 17920K, reserved 1064960K
  class space    used 1662K, capacity 1735K, committed 1792K, reserved 1048576K
Event: 7220.918 GC heap after
Heap after GC invocations=578 (full 0):
 PSYoungGen      total 28160K, used 256K [0x0000000780d80000, 0x0000000782a00000, 0x00000007c0000000)
  eden space 27648K, 0% used [0x0000000780d80000,0x0000000780d80000,0x0000000782880000)
  from space 512K, 50% used [0x0000000782980000,0x00000007829c0000,0x0000000782a00000)
  to   space 512K, 0% used [0x0000000782900000,0x0000000782900000,0x0000000782980000)
 ParOldGen       total 130048K, used 38807K [0x0000000702800000, 0x000000070a700000, 0x0000000780d80000)
  object space 130048K, 29% used [0x0000000702800000,0x0000000704de5d48,0x000000070a700000)
 Metaspace       used 17331K, capacity 17582K, committed 17920K, reserved 1064960K
  class space    used 1662K, capacity 1735K, committed 1792K, reserved 1048576K
}
Event: 7225.053 GC heap before
{Heap before GC invocations=579 (full 0):
 PSYoungGen      total 28160K, used 27904K [0x0000000780d80000, 0x0000000782a00000, 0x00000007c0000000)
  eden space 27648K, 100% used [0x0000000780d80000,0x0000000782880000,0x0000000782880000)
  from space 512K, 50% used [0x0000000782980000,0x00000007829c0000,0x0000000782a00000)
  to   space 512K, 0% used [0x0000000782900000,0x0000000782900000,0x0000000782980000)
 ParOldGen       total 130048K, used 38807K [0x0000000702800000, 0x000000070a700000, 0x0000000780d80000)
  object space 130048K, 29% used [0x0000000702800000,0x0000000704de5d48,0x000000070a700000)
 Metaspace       used 17331K, capacity 17582K, committed 17920K, reserved 1064960K
  class space    used 1662K, capacity 1735K, committed 1792K, reserved 1048576K
Event: 7225.058 GC heap after
Heap after GC invocations=579 (full 0):
 PSYoungGen      total 28160K, used 256K [0x0000000780d80000, 0x0000000782a00000, 0x00000007c0000000)
  eden space 27648K, 0% used [0x0000000780d80000,0x0000000780d80000,0x0000000782880000)
  from space 512K, 50% used [0x0000000782900000,0x0000000782940000,0x0000000782980000)
  to   space 512K, 0% used [0x0000000782980000,0x0000000782980000,0x0000000782a00000)
 ParOldGen       total 130048K, used 38855K [0x0000000702800000, 0x000000070a700000, 0x0000000780d80000)
  object space 130048K, 29% used [0x0000000702800000,0x0000000704df1d48,0x000000070a700000)
 Metaspace       used 17331K, capacity 17582K, committed 17920K, reserved 1064960K
  class space    used 1662K, capacity 1735K, committed 1792K, reserved 1048576K
}
Event: 7229.144 GC heap before
{Heap before GC invocations=580 (full 0):
 PSYoungGen      total 28160K, used 27861K [0x0000000780d80000, 0x0000000782a00000, 0x00000007c0000000)
  eden space 27648K, 99% used [0x0000000780d80000,0x0000000782875660,0x0000000782880000)
  from space 512K, 50% used [0x0000000782900000,0x0000000782940000,0x0000000782980000)
  to   space 512K, 0% used [0x0000000782980000,0x0000000782980000,0x0000000782a00000)
 ParOldGen       total 130048K, used 38855K [0x0000000702800000, 0x000000070a700000, 0x0000000780d80000)
  object space 130048K, 29% used [0x0000000702800000,0x0000000704df1d48,0x000000070a700000)
 Metaspace       used 17331K, capacity 17582K, committed 17920K, reserved 1064960K
  class space    used 1662K, capacity 1735K, committed 1792K, reserved 1048576K
Event: 7229.146 GC heap after
Heap after GC invocations=580 (full 0):
 PSYoungGen      total 28160K, used 288K [0x0000000780d80000, 0x0000000782a00000, 0x00000007c0000000)
  eden space 27648K, 0% used [0x0000000780d80000,0x0000000780d80000,0x0000000782880000)
  from space 512K, 56% used [0x0000000782980000,0x00000007829c8000,0x0000000782a00000)
  to   space 512K, 0% used [0x0000000782900000,0x0000000782900000,0x0000000782980000)
 ParOldGen       total 130048K, used 38903K [0x0000000702800000, 0x000000070a700000, 0x0000000780d80000)
  object space 130048K, 29% used [0x0000000702800000,0x0000000704dfdd48,0x000000070a700000)
 Metaspace       used 17331K, capacity 17582K, committed 17920K, reserved 1064960K
  class space    used 1662K, capacity 1735K, committed 1792K, reserved 1048576K
}
Event: 7233.451 GC heap before
{Heap before GC invocations=581 (full 0):
 PSYoungGen      total 28160K, used 27898K [0x0000000780d80000, 0x0000000782a00000, 0x00000007c0000000)
  eden space 27648K, 99% used [0x0000000780d80000,0x0000000782876940,0x0000000782880000)
  from space 512K, 56% used [0x0000000782980000,0x00000007829c8000,0x0000000782a00000)
  to   space 512K, 0% used [0x0000000782900000,0x0000000782900000,0x0000000782980000)
 ParOldGen       total 130048K, used 38903K [0x0000000702800000, 0x000000070a700000, 0x0000000780d80000)
  object space 130048K, 29% used [0x0000000702800000,0x0000000704dfdd48,0x000000070a700000)
 Metaspace       used 17331K, capacity 17582K, committed 17920K, reserved 1064960K
  class space    used 1662K, capacity 1735K, committed 1792K, reserved 1048576K
Event: 7233.459 GC heap after
Heap after GC invocations=581 (full 0):
 PSYoungGen      total 28160K, used 256K [0x0000000780d80000, 0x0000000782a00000, 0x00000007c0000000)
  eden space 27648K, 0% used [0x0000000780d80000,0x0000000780d80000,0x0000000782880000)
  from space 512K, 50% used [0x0000000782900000,0x0000000782940000,0x0000000782980000)
  to   space 512K, 0% used [0x0000000782980000,0x0000000782980000,0x0000000782a00000)
 ParOldGen       total 130048K, used 38975K [0x0000000702800000, 0x000000070a700000, 0x0000000780d80000)
  object space 130048K, 29% used [0x0000000702800000,0x0000000704e0fd48,0x000000070a700000)
 Metaspace       used 17331K, capacity 17582K, committed 17920K, reserved 1064960K
  class space    used 1662K, capacity 1735K, committed 1792K, reserved 1048576K
}

